[[1;34mINFO[m] Scanning for projects...
[[1;34mINFO[m] 
[[1;34mINFO[m] [1m--------------------------< [0;36mcom.carsh:Carsh[0;1m >---------------------------[m
[[1;34mINFO[m] [1mBuilding  0.0.1-SNAPSHOT[m
[[1;34mINFO[m] [1m--------------------------------[ war ]---------------------------------[m
[[1;34mINFO[m] 
[[1;34mINFO[m] [1m>>> [0;32mspring-boot-maven-plugin:4.0.5:run[m [1m(default-cli)[0;1m > [0;1mtest-compile[m @ [36mCarsh[0;1m >>>[m
[[1;34mINFO[m] 
[[1;34mINFO[m] [1m--- [0;32mmaven-resources-plugin:3.3.1:resources[m [1m(default-resources)[m @ [36mCarsh[0;1m ---[m
[[1;34mINFO[m] Copying 1 resource from src/main/resources to target/classes
[[1;34mINFO[m] Copying 13 resources from src/main/resources to target/classes
[[1;34mINFO[m] 
[[1;34mINFO[m] [1m--- [0;32mmaven-compiler-plugin:3.14.1:compile[m [1m(default-compile)[m @ [36mCarsh[0;1m ---[m
[[1;34mINFO[m] Nothing to compile - all classes are up to date.
[[1;34mINFO[m] 
[[1;34mINFO[m] [1m--- [0;32mmaven-resources-plugin:3.3.1:testResources[m [1m(default-testResources)[m @ [36mCarsh[0;1m ---[m
[[1;34mINFO[m] skip non existing resourceDirectory /workspace/src/test/resources
[[1;34mINFO[m] 
[[1;34mINFO[m] [1m--- [0;32mmaven-compiler-plugin:3.14.1:testCompile[m [1m(default-testCompile)[m @ [36mCarsh[0;1m ---[m
[[1;34mINFO[m] Nothing to compile - all classes are up to date.
[[1;34mINFO[m] 
[[1;34mINFO[m] [1m<<< [0;32mspring-boot-maven-plugin:4.0.5:run[m [1m(default-cli)[0;1m < [0;1mtest-compile[m @ [36mCarsh[0;1m <<<[m
[[1;34mINFO[m] 
[[1;34mINFO[m] 
[[1;34mINFO[m] [1m--- [0;32mspring-boot-maven-plugin:4.0.5:run[m [1m(default-cli)[m @ [36mCarsh[0;1m ---[m
[[1;34mINFO[m] Attaching agents: []

  .   ____          _            __ _ _
 /\\ / ___'_ __ _ _(_)_ __  __ _ \ \ \ \
( ( )\___ | '_ | '_| | '_ \/ _` | \ \ \ \
 \\/  ___)| |_)| | | | | || (_| |  ) ) ) )
  '  |____| .__|_| |_|_| |_\__, | / / / /
 =========|_|==============|___/=/_/_/_/

 :: Spring Boot ::                (v4.0.5)

2026-04-16T07:50:41.956Z  INFO 5398 --- [Carsh] [           main] com.carsh.Carsh.CarshApplication         : Starting CarshApplication using Java 17.0.16 with PID 5398 (/workspace/target/classes started by root in /workspace)
2026-04-16T07:50:41.975Z DEBUG 5398 --- [Carsh] [           main] com.carsh.Carsh.CarshApplication         : Running with Spring Boot v4.0.5, Spring v7.0.6
2026-04-16T07:50:41.976Z  INFO 5398 --- [Carsh] [           main] com.carsh.Carsh.CarshApplication         : No active profile set, falling back to 1 default profile: "default"
2026-04-16T07:50:45.772Z  INFO 5398 --- [Carsh] [           main] .s.d.r.c.RepositoryConfigurationDelegate : Bootstrapping Spring Data JPA repositories in DEFAULT mode.
2026-04-16T07:50:45.976Z  INFO 5398 --- [Carsh] [           main] .s.d.r.c.RepositoryConfigurationDelegate : Finished Spring Data repository scanning in 177 ms. Found 5 JPA repository interfaces.
2026-04-16T07:50:47.921Z  INFO 5398 --- [Carsh] [           main] o.s.boot.tomcat.TomcatWebServer          : Tomcat initialized with port 8080 (http)
2026-04-16T07:50:47.975Z  INFO 5398 --- [Carsh] [           main] o.apache.catalina.core.StandardService   : Starting service [Tomcat]
2026-04-16T07:50:47.975Z  INFO 5398 --- [Carsh] [           main] o.apache.catalina.core.StandardEngine    : Starting Servlet engine: [Apache Tomcat/11.0.20]
2026-04-16T07:50:48.236Z  INFO 5398 --- [Carsh] [           main] b.w.c.s.WebApplicationContextInitializer : Root WebApplicationContext: initialization completed in 5863 ms
2026-04-16T07:50:48.739Z  INFO 5398 --- [Carsh] [           main] org.hibernate.orm.jpa                    : HHH008540: Processing PersistenceUnitInfo [name: default]
2026-04-16T07:50:48.936Z  INFO 5398 --- [Carsh] [           main] org.hibernate.orm.core                   : HHH000001: Hibernate ORM core version 7.2.7.Final
2026-04-16T07:50:50.173Z  INFO 5398 --- [Carsh] [           main] o.s.o.j.p.SpringPersistenceUnitInfo      : No LoadTimeWeaver setup: ignoring JPA class transformer
2026-04-16T07:50:50.261Z  INFO 5398 --- [Carsh] [           main] com.zaxxer.hikari.HikariDataSource       : HikariPool-1 - Starting...
2026-04-16T07:50:50.792Z  INFO 5398 --- [Carsh] [           main] com.zaxxer.hikari.pool.HikariPool        : HikariPool-1 - Added connection conn0: url=jdbc:h2:mem:carshdb user=SA
2026-04-16T07:50:50.795Z  INFO 5398 --- [Carsh] [           main] com.zaxxer.hikari.HikariDataSource       : HikariPool-1 - Start completed.
2026-04-16T07:50:50.878Z  WARN 5398 --- [Carsh] [           main] org.hibernate.orm.deprecation            : HHH90000025: H2Dialect does not need to be specified explicitly using 'hibernate.dialect' (remove the property setting and it will be selected by default)
2026-04-16T07:50:50.957Z  INFO 5398 --- [Carsh] [           main] org.hibernate.orm.connections.pooling    : HHH10001005: Database info:
	Database JDBC URL [jdbc:h2:mem:carshdb]
	Database driver: H2 JDBC Driver
	Database dialect: H2Dialect
	Database version: 2.4.240
	Default catalog/schema: CARSHDB/PUBLIC
	Autocommit mode: undefined/unknown
	Isolation level: READ_COMMITTED [default READ_COMMITTED]
	JDBC fetch size: 100
	Pool: DataSourceConnectionProvider
	Minimum pool size: undefined/unknown
	Maximum pool size: undefined/unknown
2026-04-16T07:50:54.259Z  INFO 5398 --- [Carsh] [           main] org.hibernate.orm.core                   : HHH000489: No JTA platform available (set 'hibernate.transaction.jta.platform' to enable JTA platform integration)
Hibernate: drop table if exists cars cascade 
Hibernate: drop table if exists damages cascade 
Hibernate: drop table if exists orders cascade 
Hibernate: drop table if exists payments cascade 
Hibernate: drop table if exists users cascade 
Hibernate: create table cars (car_year integer not null, rental_price_per_day numeric(38,2) not null, id bigint generated by default as identity, description varchar(1000), image_url varchar(1000), brand varchar(255) not null, color varchar(255) not null, license_plate varchar(255) not null, model varchar(255) not null, status enum ('AVAILABLE','DAMAGED','MAINTENANCE','RENTED') not null, primary key (id))
Hibernate: create table damages (damage_date date not null, repair_cost numeric(38,2) not null, car_id bigint not null, id bigint generated by default as identity, order_id bigint not null, description varchar(1000) not null, status enum ('CANCELLED','PAID','PENDING') not null, primary key (id))
Hibernate: create table orders (created_at date not null, end_date date not null, passport_issue_date date not null, start_date date not null, total_price numeric(38,2) not null, car_id bigint not null, id bigint generated by default as identity, user_id bigint not null, rejection_reason varchar(500), passport_issued_by varchar(255) not null, passport_number varchar(255) not null, passport_series varchar(255) not null, status enum ('ACTIVE','APPROVED','COMPLETED','DAMAGED','PENDING','REJECTED') not null, primary key (id))
Hibernate: create table payments (amount numeric(38,2) not null, payment_date date not null, id bigint generated by default as identity, order_id bigint not null, payment_method varchar(500), status enum ('COMPLETED','FAILED','PENDING','REFUNDED') not null, primary key (id))
Hibernate: create table users (enabled boolean, id bigint generated by default as identity, email varchar(255) not null, first_name varchar(255) not null, last_name varchar(255) not null, password varchar(255) not null, phone varchar(255) not null, username varchar(255) not null unique, role enum ('ADMIN','CLIENT') not null, primary key (id))
Hibernate: alter table if exists damages add constraint FK95m2h2fa4ogh9caiwu27r9eq foreign key (car_id) references cars
Hibernate: alter table if exists damages add constraint FKio5t8qhy4j53efueuvdh5x44 foreign key (order_id) references orders
Hibernate: alter table if exists orders add constraint FKd2p23ixwrrt395glgi9nnbj23 foreign key (car_id) references cars
Hibernate: alter table if exists orders add constraint FK32ql8ubntj5uh44ph9659tiih foreign key (user_id) references users
Hibernate: alter table if exists payments add constraint FK81gagumt0r8y3rmudcgpbk42l foreign key (order_id) references orders
2026-04-16T07:50:54.512Z  INFO 5398 --- [Carsh] [           main] j.LocalContainerEntityManagerFactoryBean : Initialized JPA EntityManagerFactory for persistence unit 'default'
2026-04-16T07:50:54.798Z  INFO 5398 --- [Carsh] [           main] o.s.d.j.r.query.QueryEnhancerFactories   : Hibernate is in classpath; If applicable, HQL parser will be used.
2026-04-16T07:50:56.055Z  WARN 5398 --- [Carsh] [           main] JpaBaseConfiguration$JpaWebConfiguration : spring.jpa.open-in-view is enabled by default. Therefore, database queries may be performed during view rendering. Explicitly configure spring.jpa.open-in-view to disable this warning
2026-04-16T07:50:56.397Z  INFO 5398 --- [Carsh] [           main] eAuthenticationProviderManagerConfigurer : Global AuthenticationManager configured with AuthenticationProvider bean with name authenticationProvider
2026-04-16T07:50:56.398Z  WARN 5398 --- [Carsh] [           main] r$InitializeUserDetailsManagerConfigurer : Global AuthenticationManager configured with an AuthenticationProvider bean. UserDetailsService beans will not be used by Spring Security for automatically configuring username/password login. Consider removing the AuthenticationProvider bean. Alternatively, consider using the UserDetailsService in a manually instantiated DaoAuthenticationProvider. If the current configuration is intentional, to turn off this warning, increase the logging level of 'org.springframework.security.config.annotation.authentication.configuration.InitializeUserDetailsBeanManagerConfigurer' to ERROR
2026-04-16T07:50:56.855Z DEBUG 5398 --- [Carsh] [           main] o.s.s.web.DefaultSecurityFilterChain     : Will secure any request with filters: DisableEncodeUrlFilter, WebAsyncManagerIntegrationFilter, SecurityContextHolderFilter, HeaderWriterFilter, CsrfFilter, LogoutFilter, UsernamePasswordAuthenticationFilter, RequestCacheAwareFilter, SecurityContextHolderAwareRequestFilter, AnonymousAuthenticationFilter, ExceptionTranslationFilter, AuthorizationFilter
2026-04-16T07:50:58.172Z  INFO 5398 --- [Carsh] [           main] o.s.boot.tomcat.TomcatWebServer          : Tomcat started on port 8080 (http) with context path '/'
2026-04-16T07:50:58.193Z  INFO 5398 --- [Carsh] [           main] com.carsh.Carsh.CarshApplication         : Started CarshApplication in 18.294 seconds (process running for 19.857)
Hibernate: select u1_0.id from users u1_0 where u1_0.username=? fetch first ? rows only
Hibernate: insert into users (email,enabled,first_name,last_name,password,phone,role,username,id) values (?,?,?,?,?,?,?,?,default)
Hibernate: select u1_0.id from users u1_0 where u1_0.username=? fetch first ? rows only
Hibernate: insert into users (email,enabled,first_name,last_name,password,phone,role,username,id) values (?,?,?,?,?,?,?,?,default)
Hibernate: select count(*) from cars c1_0
Hibernate: insert into cars (brand,car_year,color,description,image_url,license_plate,model,rental_price_per_day,status,id) values (?,?,?,?,?,?,?,?,?,default)
Hibernate: insert into cars (brand,car_year,color,description,image_url,license_plate,model,rental_price_per_day,status,id) values (?,?,?,?,?,?,?,?,?,default)
Hibernate: insert into cars (brand,car_year,color,description,image_url,license_plate,model,rental_price_per_day,status,id) values (?,?,?,?,?,?,?,?,?,default)
Hibernate: insert into cars (brand,car_year,color,description,image_url,license_plate,model,rental_price_per_day,status,id) values (?,?,?,?,?,?,?,?,?,default)
2026-04-16T07:56:53.852Z  INFO 5398 --- [Carsh] [nio-8080-exec-1] o.a.c.c.C.[Tomcat].[localhost].[/]       : Initializing Spring DispatcherServlet 'dispatcherServlet'
2026-04-16T07:56:53.853Z  INFO 5398 --- [Carsh] [nio-8080-exec-1] o.s.web.servlet.DispatcherServlet        : Initializing Servlet 'dispatcherServlet'
2026-04-16T07:56:53.855Z  INFO 5398 --- [Carsh] [nio-8080-exec-1] o.s.web.servlet.DispatcherServlet        : Completed initialization in 2 ms
2026-04-16T07:56:53.954Z DEBUG 5398 --- [Carsh] [nio-8080-exec-1] o.s.security.web.FilterChainProxy        : Securing GET /auth/login
2026-04-16T07:56:54.013Z DEBUG 5398 --- [Carsh] [nio-8080-exec-1] o.s.s.w.a.AnonymousAuthenticationFilter  : Set SecurityContextHolder to anonymous SecurityContext
2026-04-16T07:56:54.113Z DEBUG 5398 --- [Carsh] [nio-8080-exec-1] o.s.s.w.s.HttpSessionRequestCache        : Saved request http://localhost:8080/auth/login?continue to session
2026-04-16T07:56:54.130Z DEBUG 5398 --- [Carsh] [nio-8080-exec-1] o.s.s.web.DefaultRedirectStrategy        : Redirecting to /login
[0m[0m2026-04-16T07:57:20.775Z  INFO 5398 --- [Carsh] [ionShutdownHook] o.s.boot.tomcat.GracefulShutdown         : Commencing graceful shutdown. Waiting for active requests to complete
2026-04-16T07:57:20.797Z  INFO 5398 --- [Carsh] [tomcat-shutdown] o.s.boot.tomcat.GracefulShutdown         : Graceful shutdown complete
2026-04-16T07:57:20.815Z  INFO 5398 --- [Carsh] [ionShutdownHook] j.LocalContainerEntityManagerFactoryBean : Closing JPA EntityManagerFactory for persistence unit 'default'
Hibernate: drop table if exists cars cascade 
Hibernate: drop table if exists damages cascade 
Hibernate: drop table if exists orders cascade 
Hibernate: drop table if exists payments cascade 
Hibernate: drop table if exists users cascade 
2026-04-16T07:57:20.853Z  INFO 5398 --- [Carsh] [ionShutdownHook] com.zaxxer.hikari.HikariDataSource       : HikariPool-1 - Shutdown initiated...
2026-04-16T07:57:20.871Z  INFO 5398 --- [Carsh] [ionShutdownHook] com.zaxxer.hikari.HikariDataSource       : HikariPool-1 - Shutdown completed.
